e:\workspace_modelling_obstacles\src\simulation\lte_nr\x64\debug\vc142.pdb
e:\workspace_modelling_obstacles\src\simulation\lte_nr\x64\debug\vc142.idb
e:\workspace_modelling_obstacles\src\simulation\lte_nr\x64\debug\lte_nr.obj
e:\workspace_modelling_obstacles\src\simulation\lte_nr\x64\debug\ltenr_spectrum.obj
e:\workspace_modelling_obstacles\src\simulation\lte_nr\x64\debug\ltenr_sdap.obj
e:\workspace_modelling_obstacles\src\simulation\lte_nr\x64\debug\ltenr_rrc.obj
e:\workspace_modelling_obstacles\src\simulation\lte_nr\x64\debug\ltenr_rlc_um.obj
e:\workspace_modelling_obstacles\src\simulation\lte_nr\x64\debug\ltenr_rlc_am.obj
e:\workspace_modelling_obstacles\src\simulation\lte_nr\x64\debug\ltenr_rlcmsg.obj
e:\workspace_modelling_obstacles\src\simulation\lte_nr\x64\debug\ltenr_rlcbuffer.obj
e:\workspace_modelling_obstacles\src\simulation\lte_nr\x64\debug\ltenr_rlc.obj
e:\workspace_modelling_obstacles\src\simulation\lte_nr\x64\debug\ltenr_propagationmodel.obj
e:\workspace_modelling_obstacles\src\simulation\lte_nr\x64\debug\ltenr_prb.obj
e:\workspace_modelling_obstacles\src\simulation\lte_nr\x64\debug\ltenr_phy.obj
e:\workspace_modelling_obstacles\src\simulation\lte_nr\x64\debug\ltenr_pdcp.obj
e:\workspace_modelling_obstacles\src\simulation\lte_nr\x64\debug\ltenr_nas.obj
e:\workspace_modelling_obstacles\src\simulation\lte_nr\x64\debug\ltenr_mac.obj
e:\workspace_modelling_obstacles\src\simulation\lte_nr\x64\debug\ltenr_gnbrrc.obj
e:\workspace_modelling_obstacles\src\simulation\lte_nr\x64\debug\ltenr_epc.obj
e:\workspace_modelling_obstacles\src\simulation\lte_nr\x64\debug\ltenr_association.obj
e:\workspace_modelling_obstacles\src\simulation\lte_nr\x64\debug\ltenr_amctable.obj
e:\workspace_modelling_obstacles\bin\bin_x64\liblte_nr.dll
e:\workspace_modelling_obstacles\bin\bin_x64\lte_nr.pdb
e:\workspace_modelling_obstacles\bin\bin_x64\lte_nr.lib
e:\workspace_modelling_obstacles\bin\bin_x64\lte_nr.exp
e:\workspace_modelling_obstacles\src\simulation\lte_nr\x64\debug\lte_nr.tlog\cl.command.1.tlog
e:\workspace_modelling_obstacles\src\simulation\lte_nr\x64\debug\lte_nr.tlog\cl.read.1.tlog
e:\workspace_modelling_obstacles\src\simulation\lte_nr\x64\debug\lte_nr.tlog\cl.write.1.tlog
e:\workspace_modelling_obstacles\src\simulation\lte_nr\x64\debug\lte_nr.tlog\link.command.1.tlog
e:\workspace_modelling_obstacles\src\simulation\lte_nr\x64\debug\lte_nr.tlog\link.read.1.tlog
e:\workspace_modelling_obstacles\src\simulation\lte_nr\x64\debug\lte_nr.tlog\link.write.1.tlog
e:\workspace_modelling_obstacles\src\simulation\lte_nr\x64\debug\lte_nr.tlog\lte_nr.write.1u.tlog
